ERROR - 2023-10-21 00:34:30 --> mysqli_sql_exception: Table 'roles' already exists in C:\xampp\htdocs\tienda\vendor\codeigniter4\framework\system\Database\MySQLi\Connection.php:306
Stack trace:
#0 C:\xampp\htdocs\tienda\vendor\codeigniter4\framework\system\Database\MySQLi\Connection.php(306): mysqli->query('CREATE TABLE `r...', 0)
#1 C:\xampp\htdocs\tienda\vendor\codeigniter4\framework\system\Database\BaseConnection.php(693): CodeIgniter\Database\MySQLi\Connection->execute('CREATE TABLE `r...')
#2 C:\xampp\htdocs\tienda\vendor\codeigniter4\framework\system\Database\BaseConnection.php(607): CodeIgniter\Database\BaseConnection->simpleQuery('CREATE TABLE `r...')
#3 C:\xampp\htdocs\tienda\vendor\codeigniter4\framework\system\Database\Forge.php(546): CodeIgniter\Database\BaseConnection->query('CREATE TABLE `r...')
#4 C:\xampp\htdocs\tienda\app\Database\Migrations\2023-10-21-003359_Roles.php(25): CodeIgniter\Database\Forge->createTable('roles')
#5 C:\xampp\htdocs\tienda\vendor\codeigniter4\framework\system\Database\MigrationRunner.php(873): App\Database\Migrations\Roles->up()
#6 C:\xampp\htdocs\tienda\vendor\codeigniter4\framework\system\Database\MigrationRunner.php(188): CodeIgniter\Database\MigrationRunner->migrate('up', Object(stdClass))
#7 C:\xampp\htdocs\tienda\vendor\codeigniter4\framework\system\Commands\Database\Migrate.php(84): CodeIgniter\Database\MigrationRunner->latest(NULL)
#8 C:\xampp\htdocs\tienda\vendor\codeigniter4\framework\system\CLI\Commands.php(65): CodeIgniter\Commands\Database\Migrate->run(Array)
#9 C:\xampp\htdocs\tienda\vendor\codeigniter4\framework\system\CLI\BaseCommand.php(115): CodeIgniter\CLI\Commands->run('migrate', Array)
#10 C:\xampp\htdocs\tienda\vendor\codeigniter4\framework\system\Commands\Database\MigrateRefresh.php(85): CodeIgniter\CLI\BaseCommand->call('migrate', Array)
#11 C:\xampp\htdocs\tienda\vendor\codeigniter4\framework\system\CLI\Commands.php(65): CodeIgniter\Commands\Database\MigrateRefresh->run(Array)
#12 C:\xampp\htdocs\tienda\vendor\codeigniter4\framework\system\CLI\Console.php(46): CodeIgniter\CLI\Commands->run('migrate:refresh', Array)
#13 C:\xampp\htdocs\tienda\spark(102): CodeIgniter\CLI\Console->run()
#14 {main}
ERROR - 2023-10-21 00:37:36 --> mysqli_sql_exception: Incorrect table definition; there can be only one auto column and it must be defined as a key in C:\xampp\htdocs\tienda\vendor\codeigniter4\framework\system\Database\MySQLi\Connection.php:306
Stack trace:
#0 C:\xampp\htdocs\tienda\vendor\codeigniter4\framework\system\Database\MySQLi\Connection.php(306): mysqli->query('CREATE TABLE `u...', 0)
#1 C:\xampp\htdocs\tienda\vendor\codeigniter4\framework\system\Database\BaseConnection.php(693): CodeIgniter\Database\MySQLi\Connection->execute('CREATE TABLE `u...')
#2 C:\xampp\htdocs\tienda\vendor\codeigniter4\framework\system\Database\BaseConnection.php(607): CodeIgniter\Database\BaseConnection->simpleQuery('CREATE TABLE `u...')
#3 C:\xampp\htdocs\tienda\vendor\codeigniter4\framework\system\Database\Forge.php(546): CodeIgniter\Database\BaseConnection->query('CREATE TABLE `u...')
#4 C:\xampp\htdocs\tienda\app\Database\Migrations\2023-10-21-003539_Users.php(49): CodeIgniter\Database\Forge->createTable('users')
#5 C:\xampp\htdocs\tienda\vendor\codeigniter4\framework\system\Database\MigrationRunner.php(873): App\Database\Migrations\Users->up()
#6 C:\xampp\htdocs\tienda\vendor\codeigniter4\framework\system\Database\MigrationRunner.php(188): CodeIgniter\Database\MigrationRunner->migrate('up', Object(stdClass))
#7 C:\xampp\htdocs\tienda\vendor\codeigniter4\framework\system\Commands\Database\Migrate.php(84): CodeIgniter\Database\MigrationRunner->latest(NULL)
#8 C:\xampp\htdocs\tienda\vendor\codeigniter4\framework\system\CLI\Commands.php(65): CodeIgniter\Commands\Database\Migrate->run(Array)
#9 C:\xampp\htdocs\tienda\vendor\codeigniter4\framework\system\CLI\Console.php(46): CodeIgniter\CLI\Commands->run('migrate', Array)
#10 C:\xampp\htdocs\tienda\spark(102): CodeIgniter\CLI\Console->run()
#11 {main}
ERROR - 2023-10-21 05:23:25 --> mysqli_sql_exception: Unknown column 'users.id' in 'where clause' in C:\xampp\htdocs\tienda\vendor\codeigniter4\framework\system\Database\MySQLi\Connection.php:306
Stack trace:
#0 C:\xampp\htdocs\tienda\vendor\codeigniter4\framework\system\Database\MySQLi\Connection.php(306): mysqli->query('SELECT *\nFROM `...', 0)
#1 C:\xampp\htdocs\tienda\vendor\codeigniter4\framework\system\Database\BaseConnection.php(693): CodeIgniter\Database\MySQLi\Connection->execute('SELECT *\nFROM `...')
#2 C:\xampp\htdocs\tienda\vendor\codeigniter4\framework\system\Database\BaseConnection.php(607): CodeIgniter\Database\BaseConnection->simpleQuery('SELECT *\nFROM `...')
#3 C:\xampp\htdocs\tienda\vendor\codeigniter4\framework\system\Database\BaseBuilder.php(1615): CodeIgniter\Database\BaseConnection->query('SELECT *\nFROM `...', Array, false)
#4 C:\xampp\htdocs\tienda\vendor\codeigniter4\framework\system\Model.php(196): CodeIgniter\Database\BaseBuilder->get()
#5 C:\xampp\htdocs\tienda\vendor\codeigniter4\framework\system\BaseModel.php(563): CodeIgniter\Model->doFind(true, '1')
#6 C:\xampp\htdocs\tienda\app\Controllers\UserController.php(19): CodeIgniter\BaseModel->find('1')
#7 C:\xampp\htdocs\tienda\vendor\codeigniter4\framework\system\CodeIgniter.php(942): App\Controllers\UserController->show('1')
#8 C:\xampp\htdocs\tienda\vendor\codeigniter4\framework\system\CodeIgniter.php(502): CodeIgniter\CodeIgniter->runController(Object(App\Controllers\UserController))
#9 C:\xampp\htdocs\tienda\vendor\codeigniter4\framework\system\CodeIgniter.php(361): CodeIgniter\CodeIgniter->handleRequest(NULL, Object(Config\Cache), false)
#10 C:\xampp\htdocs\tienda\public\index.php(79): CodeIgniter\CodeIgniter->run()
#11 {main}
CRITICAL - 2023-10-21 05:23:25 --> Unknown column 'users.id' in 'where clause'
in SYSTEMPATH\Database\BaseConnection.php on line 647.
 1 SYSTEMPATH\Database\BaseBuilder.php(1615): CodeIgniter\Database\BaseConnection->query('SELECT *
FROM `users`
WHERE `users`.`id` = :users.id:', [...], false)
 2 SYSTEMPATH\Model.php(196): CodeIgniter\Database\BaseBuilder->get()
 3 SYSTEMPATH\BaseModel.php(563): CodeIgniter\Model->doFind(true, '1')
 4 APPPATH\Controllers\UserController.php(19): CodeIgniter\BaseModel->find('1')
 5 SYSTEMPATH\CodeIgniter.php(942): App\Controllers\UserController->show('1')
 6 SYSTEMPATH\CodeIgniter.php(502): CodeIgniter\CodeIgniter->runController(Object(App\Controllers\UserController))
 7 SYSTEMPATH\CodeIgniter.php(361): CodeIgniter\CodeIgniter->handleRequest(null, Object(Config\Cache), false)
 8 FCPATH\index.php(79): CodeIgniter\CodeIgniter->run()
CRITICAL - 2023-10-21 06:14:17 --> Undefined array key "id_rol"
in APPPATH\Views\admin\users\show.php on line 45.
 1 APPPATH\Views\admin\users\show.php(45): CodeIgniter\Debug\Exceptions->errorHandler(2, 'Undefined array key "id_rol"', 'C:\\xampp\\htdocs\\tienda\\app\\Views\\admin\\users\\show.php', 45)
 2 SYSTEMPATH\View\View.php(228): include('C:\\xampp\\htdocs\\tienda\\app\\Views\\admin\\users\\show.php')
 3 SYSTEMPATH\View\View.php(231): CodeIgniter\View\View->CodeIgniter\View\{closure}()
 4 SYSTEMPATH\Common.php(1190): CodeIgniter\View\View->render('admin/users/show', [], true)
 5 APPPATH\Controllers\UserController.php(26): view('admin/users/show', [...])
 6 SYSTEMPATH\CodeIgniter.php(942): App\Controllers\UserController->show('1')
 7 SYSTEMPATH\CodeIgniter.php(502): CodeIgniter\CodeIgniter->runController(Object(App\Controllers\UserController))
 8 SYSTEMPATH\CodeIgniter.php(361): CodeIgniter\CodeIgniter->handleRequest(null, Object(Config\Cache), false)
 9 FCPATH\index.php(79): CodeIgniter\CodeIgniter->run()
CRITICAL - 2023-10-21 06:44:24 --> Undefined variable $userId
in APPPATH\Views\admin\users\show.php on line 82.
 1 APPPATH\Views\admin\users\show.php(82): CodeIgniter\Debug\Exceptions->errorHandler(2, 'Undefined variable $userId', 'C:\\xampp\\htdocs\\tienda\\app\\Views\\admin\\users\\show.php', 82)
 2 SYSTEMPATH\View\View.php(228): include('C:\\xampp\\htdocs\\tienda\\app\\Views\\admin\\users\\show.php')
 3 SYSTEMPATH\View\View.php(231): CodeIgniter\View\View->CodeIgniter\View\{closure}()
 4 SYSTEMPATH\Common.php(1190): CodeIgniter\View\View->render('admin/users/show', [], true)
 5 APPPATH\Controllers\UserController.php(26): view('admin/users/show', [...])
 6 SYSTEMPATH\CodeIgniter.php(942): App\Controllers\UserController->show('1')
 7 SYSTEMPATH\CodeIgniter.php(502): CodeIgniter\CodeIgniter->runController(Object(App\Controllers\UserController))
 8 SYSTEMPATH\CodeIgniter.php(361): CodeIgniter\CodeIgniter->handleRequest(null, Object(Config\Cache), false)
 9 FCPATH\index.php(79): CodeIgniter\CodeIgniter->run()
CRITICAL - 2023-10-21 06:57:19 --> There is no data to update.
in SYSTEMPATH\BaseModel.php on line 930.
 1 SYSTEMPATH\BaseModel.php(930): CodeIgniter\Database\Exceptions\DataException::forEmptyDataset('update')
 2 SYSTEMPATH\Model.php(776): CodeIgniter\BaseModel->update([...], [])
 3 APPPATH\Controllers\UserController.php(48): CodeIgniter\Model->update('1', [...])
 4 SYSTEMPATH\CodeIgniter.php(942): App\Controllers\UserController->uploadImage_action('1')
 5 SYSTEMPATH\CodeIgniter.php(502): CodeIgniter\CodeIgniter->runController(Object(App\Controllers\UserController))
 6 SYSTEMPATH\CodeIgniter.php(361): CodeIgniter\CodeIgniter->handleRequest(null, Object(Config\Cache), false)
 7 FCPATH\index.php(79): CodeIgniter\CodeIgniter->run()
CRITICAL - 2023-10-21 07:27:48 --> There is no data to update.
in SYSTEMPATH\BaseModel.php on line 930.
 1 SYSTEMPATH\BaseModel.php(930): CodeIgniter\Database\Exceptions\DataException::forEmptyDataset('update')
 2 SYSTEMPATH\Model.php(776): CodeIgniter\BaseModel->update([...], [])
 3 APPPATH\Controllers\UserController.php(41): CodeIgniter\Model->update('1', [...])
 4 SYSTEMPATH\CodeIgniter.php(942): App\Controllers\UserController->uploadImage_action('1')
 5 SYSTEMPATH\CodeIgniter.php(502): CodeIgniter\CodeIgniter->runController(Object(App\Controllers\UserController))
 6 SYSTEMPATH\CodeIgniter.php(361): CodeIgniter\CodeIgniter->handleRequest(null, Object(Config\Cache), false)
 7 FCPATH\index.php(79): CodeIgniter\CodeIgniter->run()
CRITICAL - 2023-10-21 07:33:12 --> There is no data to update.
in SYSTEMPATH\BaseModel.php on line 930.
 1 SYSTEMPATH\BaseModel.php(930): CodeIgniter\Database\Exceptions\DataException::forEmptyDataset('update')
 2 SYSTEMPATH\Model.php(776): CodeIgniter\BaseModel->update([...], [])
 3 APPPATH\Controllers\UserController.php(46): CodeIgniter\Model->update('1', [...])
 4 SYSTEMPATH\CodeIgniter.php(942): App\Controllers\UserController->uploadImage_action('1')
 5 SYSTEMPATH\CodeIgniter.php(502): CodeIgniter\CodeIgniter->runController(Object(App\Controllers\UserController))
 6 SYSTEMPATH\CodeIgniter.php(361): CodeIgniter\CodeIgniter->handleRequest(null, Object(Config\Cache), false)
 7 FCPATH\index.php(79): CodeIgniter\CodeIgniter->run()
CRITICAL - 2023-10-21 07:37:40 --> The framework needs the following extension(s) installed and loaded: "GD".
in SYSTEMPATH\Exceptions\FrameworkException.php on line 74.
 1 SYSTEMPATH\Images\Handlers\GDHandler.php(34): CodeIgniter\Exceptions\FrameworkException::forMissingExtension('GD')
 2 SYSTEMPATH\Config\Services.php(347): CodeIgniter\Images\Handlers\GDHandler->__construct(Object(Config\Images))
 3 SYSTEMPATH\Config\BaseService.php(258): CodeIgniter\Config\Services::image('gd', Object(Config\Images), false)
 4 SYSTEMPATH\Config\BaseService.php(199): CodeIgniter\Config\BaseService::__callStatic('image', [...])
 5 SYSTEMPATH\Config\Services.php(338): CodeIgniter\Config\BaseService::getSharedInstance('image', null, null)
 6 SYSTEMPATH\Config\BaseService.php(258): CodeIgniter\Config\Services::image()
 7 APPPATH\Controllers\UserController.php(40): CodeIgniter\Config\BaseService::__callStatic('image', [])
 8 SYSTEMPATH\CodeIgniter.php(942): App\Controllers\UserController->uploadImage_action('1')
 9 SYSTEMPATH\CodeIgniter.php(502): CodeIgniter\CodeIgniter->runController(Object(App\Controllers\UserController))
10 SYSTEMPATH\CodeIgniter.php(361): CodeIgniter\CodeIgniter->handleRequest(null, Object(Config\Cache), false)
11 FCPATH\index.php(79): CodeIgniter\CodeIgniter->run()
CRITICAL - 2023-10-21 07:41:06 --> Call to a member function toFile() on null
in APPPATH\Controllers\UserController.php on line 43.
 1 SYSTEMPATH\CodeIgniter.php(942): App\Controllers\UserController->uploadImage_action('1')
 2 SYSTEMPATH\CodeIgniter.php(502): CodeIgniter\CodeIgniter->runController(Object(App\Controllers\UserController))
 3 SYSTEMPATH\CodeIgniter.php(361): CodeIgniter\CodeIgniter->handleRequest(null, Object(Config\Cache), false)
 4 FCPATH\index.php(79): CodeIgniter\CodeIgniter->run()
CRITICAL - 2023-10-21 07:43:40 --> Call to a member function toFile() on null
in APPPATH\Controllers\UserController.php on line 43.
 1 SYSTEMPATH\CodeIgniter.php(942): App\Controllers\UserController->uploadImage_action('1')
 2 SYSTEMPATH\CodeIgniter.php(502): CodeIgniter\CodeIgniter->runController(Object(App\Controllers\UserController))
 3 SYSTEMPATH\CodeIgniter.php(361): CodeIgniter\CodeIgniter->handleRequest(null, Object(Config\Cache), false)
 4 FCPATH\index.php(79): CodeIgniter\CodeIgniter->run()
CRITICAL - 2023-10-21 14:24:37 --> There is no data to update.
in SYSTEMPATH\BaseModel.php on line 930.
 1 SYSTEMPATH\BaseModel.php(930): CodeIgniter\Database\Exceptions\DataException::forEmptyDataset('update')
 2 SYSTEMPATH\Model.php(776): CodeIgniter\BaseModel->update([...], [])
 3 APPPATH\Controllers\UserController.php(43): CodeIgniter\Model->update('1', [...])
 4 SYSTEMPATH\CodeIgniter.php(942): App\Controllers\UserController->uploadImage_action('1')
 5 SYSTEMPATH\CodeIgniter.php(502): CodeIgniter\CodeIgniter->runController(Object(App\Controllers\UserController))
 6 SYSTEMPATH\CodeIgniter.php(361): CodeIgniter\CodeIgniter->handleRequest(null, Object(Config\Cache), false)
 7 FCPATH\index.php(79): CodeIgniter\CodeIgniter->run()
CRITICAL - 2023-10-21 15:03:07 --> There is no data to update.
in SYSTEMPATH\BaseModel.php on line 1726.
 1 SYSTEMPATH\BaseModel.php(1726): CodeIgniter\Database\Exceptions\DataException::forEmptyDataset('update')
 2 SYSTEMPATH\BaseModel.php(916): CodeIgniter\BaseModel->transformDataToArray([], 'update')
 3 SYSTEMPATH\Model.php(776): CodeIgniter\BaseModel->update([...], [])
 4 APPPATH\Controllers\UserController.php(64): CodeIgniter\Model->update('1', [])
 5 SYSTEMPATH\CodeIgniter.php(942): App\Controllers\UserController->uploadImage_action('1')
 6 SYSTEMPATH\CodeIgniter.php(502): CodeIgniter\CodeIgniter->runController(Object(App\Controllers\UserController))
 7 SYSTEMPATH\CodeIgniter.php(361): CodeIgniter\CodeIgniter->handleRequest(null, Object(Config\Cache), false)
 8 FCPATH\index.php(79): CodeIgniter\CodeIgniter->run()
CRITICAL - 2023-10-21 15:17:37 --> Undefined property: App\Controllers\UserController::$load
in APPPATH\Controllers\UserController.php on line 63.
 1 APPPATH\Controllers\UserController.php(63): CodeIgniter\Debug\Exceptions->errorHandler(2, 'Undefined property: App\\Controllers\\UserController::$load', 'C:\\xampp\\htdocs\\tienda\\app\\Controllers\\UserController.php', 63)
 2 SYSTEMPATH\CodeIgniter.php(942): App\Controllers\UserController->uploadImage_action('1')
 3 SYSTEMPATH\CodeIgniter.php(502): CodeIgniter\CodeIgniter->runController(Object(App\Controllers\UserController))
 4 SYSTEMPATH\CodeIgniter.php(361): CodeIgniter\CodeIgniter->handleRequest(null, Object(Config\Cache), false)
 5 FCPATH\index.php(79): CodeIgniter\CodeIgniter->run()
CRITICAL - 2023-10-21 15:21:33 --> Undefined property: App\Controllers\UserController::$load
in APPPATH\Controllers\UserController.php on line 68.
 1 APPPATH\Controllers\UserController.php(68): CodeIgniter\Debug\Exceptions->errorHandler(2, 'Undefined property: App\\Controllers\\UserController::$load', 'C:\\xampp\\htdocs\\tienda\\app\\Controllers\\UserController.php', 68)
 2 SYSTEMPATH\CodeIgniter.php(942): App\Controllers\UserController->uploadImage_action('1')
 3 SYSTEMPATH\CodeIgniter.php(502): CodeIgniter\CodeIgniter->runController(Object(App\Controllers\UserController))
 4 SYSTEMPATH\CodeIgniter.php(361): CodeIgniter\CodeIgniter->handleRequest(null, Object(Config\Cache), false)
 5 FCPATH\index.php(79): CodeIgniter\CodeIgniter->run()
CRITICAL - 2023-10-21 15:24:43 --> Too few arguments to function CodeIgniter\Files\File::__construct(), 0 passed in C:\xampp\htdocs\tienda\app\Controllers\UserController.php on line 14 and at least 1 expected
in SYSTEMPATH\Files\File.php on line 46.
 1 APPPATH\Controllers\UserController.php(14): CodeIgniter\Files\File->__construct()
 2 SYSTEMPATH\CodeIgniter.php(914): App\Controllers\UserController->__construct()
 3 SYSTEMPATH\CodeIgniter.php(493): CodeIgniter\CodeIgniter->createController()
 4 SYSTEMPATH\CodeIgniter.php(361): CodeIgniter\CodeIgniter->handleRequest(null, Object(Config\Cache), false)
 5 FCPATH\index.php(79): CodeIgniter\CodeIgniter->run()
CRITICAL - 2023-10-21 15:24:44 --> Too few arguments to function CodeIgniter\Files\File::__construct(), 0 passed in C:\xampp\htdocs\tienda\app\Controllers\UserController.php on line 14 and at least 1 expected
in SYSTEMPATH\Files\File.php on line 46.
 1 APPPATH\Controllers\UserController.php(14): CodeIgniter\Files\File->__construct()
 2 SYSTEMPATH\CodeIgniter.php(914): App\Controllers\UserController->__construct()
 3 SYSTEMPATH\CodeIgniter.php(493): CodeIgniter\CodeIgniter->createController()
 4 SYSTEMPATH\CodeIgniter.php(361): CodeIgniter\CodeIgniter->handleRequest(null, Object(Config\Cache), false)
 5 FCPATH\index.php(79): CodeIgniter\CodeIgniter->run()
CRITICAL - 2023-10-21 15:24:47 --> Too few arguments to function CodeIgniter\Files\File::__construct(), 0 passed in C:\xampp\htdocs\tienda\app\Controllers\UserController.php on line 14 and at least 1 expected
in SYSTEMPATH\Files\File.php on line 46.
 1 APPPATH\Controllers\UserController.php(14): CodeIgniter\Files\File->__construct()
 2 SYSTEMPATH\CodeIgniter.php(914): App\Controllers\UserController->__construct()
 3 SYSTEMPATH\CodeIgniter.php(493): CodeIgniter\CodeIgniter->createController()
 4 SYSTEMPATH\CodeIgniter.php(361): CodeIgniter\CodeIgniter->handleRequest(null, Object(Config\Cache), false)
 5 FCPATH\index.php(79): CodeIgniter\CodeIgniter->run()
CRITICAL - 2023-10-21 15:30:26 --> Undefined property: App\Controllers\UserController::$imageLib
in APPPATH\Controllers\UserController.php on line 63.
 1 APPPATH\Controllers\UserController.php(63): CodeIgniter\Debug\Exceptions->errorHandler(2, 'Undefined property: App\\Controllers\\UserController::$imageLib', 'C:\\xampp\\htdocs\\tienda\\app\\Controllers\\UserController.php', 63)
 2 SYSTEMPATH\CodeIgniter.php(942): App\Controllers\UserController->uploadImage_action('1')
 3 SYSTEMPATH\CodeIgniter.php(502): CodeIgniter\CodeIgniter->runController(Object(App\Controllers\UserController))
 4 SYSTEMPATH\CodeIgniter.php(361): CodeIgniter\CodeIgniter->handleRequest(null, Object(Config\Cache), false)
 5 FCPATH\index.php(79): CodeIgniter\CodeIgniter->run()
CRITICAL - 2023-10-21 17:58:57 --> The route for "admin/index" cannot be found.
in SYSTEMPATH\HTTP\RedirectResponse.php on line 62.
 1 SYSTEMPATH\HTTP\RedirectResponse.php(62): CodeIgniter\HTTP\Exceptions\HTTPException::forInvalidRedirectRoute('admin/index')
 2 SYSTEMPATH\Common.php(878): CodeIgniter\HTTP\RedirectResponse->route(false)
 3 APPPATH\Controllers\UserController.php(41): redirect('admin/index')
 4 SYSTEMPATH\CodeIgniter.php(942): App\Controllers\UserController->show('1')
 5 SYSTEMPATH\CodeIgniter.php(502): CodeIgniter\CodeIgniter->runController(Object(App\Controllers\UserController))
 6 SYSTEMPATH\CodeIgniter.php(361): CodeIgniter\CodeIgniter->handleRequest(null, Object(Config\Cache), false)
 7 FCPATH\index.php(79): CodeIgniter\CodeIgniter->run()
CRITICAL - 2023-10-21 18:42:40 --> Undefined variable $integrante
in APPPATH\Views\admin\users\index.php on line 40.
 1 APPPATH\Views\admin\users\index.php(40): CodeIgniter\Debug\Exceptions->errorHandler(2, 'Undefined variable $integrante', 'C:\\xampp\\htdocs\\tienda\\app\\Views\\admin\\users\\index.php', 40)
 2 SYSTEMPATH\View\View.php(228): include('C:\\xampp\\htdocs\\tienda\\app\\Views\\admin\\users\\index.php')
 3 SYSTEMPATH\View\View.php(231): CodeIgniter\View\View->CodeIgniter\View\{closure}()
 4 SYSTEMPATH\Common.php(1190): CodeIgniter\View\View->render('admin/users/index', [], true)
 5 APPPATH\Controllers\UserController.php(18): view('admin/users/index', [...])
 6 SYSTEMPATH\CodeIgniter.php(942): App\Controllers\UserController->index()
 7 SYSTEMPATH\CodeIgniter.php(502): CodeIgniter\CodeIgniter->runController(Object(App\Controllers\UserController))
 8 SYSTEMPATH\CodeIgniter.php(361): CodeIgniter\CodeIgniter->handleRequest(null, Object(Config\Cache), false)
 9 FCPATH\index.php(79): CodeIgniter\CodeIgniter->run()
CRITICAL - 2023-10-21 19:04:58 --> Undefined variable $newName
in APPPATH\Controllers\UserController.php on line 91.
 1 APPPATH\Controllers\UserController.php(91): CodeIgniter\Debug\Exceptions->errorHandler(2, 'Undefined variable $newName', 'C:\\xampp\\htdocs\\tienda\\app\\Controllers\\UserController.php', 91)
 2 SYSTEMPATH\CodeIgniter.php(942): App\Controllers\UserController->uploadImage_action('9')
 3 SYSTEMPATH\CodeIgniter.php(502): CodeIgniter\CodeIgniter->runController(Object(App\Controllers\UserController))
 4 SYSTEMPATH\CodeIgniter.php(361): CodeIgniter\CodeIgniter->handleRequest(null, Object(Config\Cache), false)
 5 FCPATH\index.php(79): CodeIgniter\CodeIgniter->run()
CRITICAL - 2023-10-21 19:05:17 --> Undefined variable $newName
in APPPATH\Controllers\UserController.php on line 91.
 1 APPPATH\Controllers\UserController.php(91): CodeIgniter\Debug\Exceptions->errorHandler(2, 'Undefined variable $newName', 'C:\\xampp\\htdocs\\tienda\\app\\Controllers\\UserController.php', 91)
 2 SYSTEMPATH\CodeIgniter.php(942): App\Controllers\UserController->uploadImage_action('1')
 3 SYSTEMPATH\CodeIgniter.php(502): CodeIgniter\CodeIgniter->runController(Object(App\Controllers\UserController))
 4 SYSTEMPATH\CodeIgniter.php(361): CodeIgniter\CodeIgniter->handleRequest(null, Object(Config\Cache), false)
 5 FCPATH\index.php(79): CodeIgniter\CodeIgniter->run()
CRITICAL - 2023-10-21 22:21:56 --> "valid_password" is not a valid rule.
in SYSTEMPATH\Validation\Validation.php on line 319.
 1 SYSTEMPATH\Validation\Validation.php(319): CodeIgniter\Validation\Exceptions\ValidationException::forRuleNotFound('valid_password')
 2 SYSTEMPATH\Validation\Validation.php(197): CodeIgniter\Validation\Validation->processRules('password', 'password', 'Guatemala', [...], [...])
 3 SYSTEMPATH\Controller.php(152): CodeIgniter\Validation\Validation->run()
 4 APPPATH\Controllers\UserController.php(163): CodeIgniter\Controller->validate([...])
 5 SYSTEMPATH\CodeIgniter.php(942): App\Controllers\UserController->updatePass('3')
 6 SYSTEMPATH\CodeIgniter.php(502): CodeIgniter\CodeIgniter->runController(Object(App\Controllers\UserController))
 7 SYSTEMPATH\CodeIgniter.php(361): CodeIgniter\CodeIgniter->handleRequest(null, Object(Config\Cache), false)
 8 FCPATH\index.php(79): CodeIgniter\CodeIgniter->run()
CRITICAL - 2023-10-21 22:22:33 --> "valid_password" is not a valid rule.
in SYSTEMPATH\Validation\Validation.php on line 319.
 1 SYSTEMPATH\Validation\Validation.php(319): CodeIgniter\Validation\Exceptions\ValidationException::forRuleNotFound('valid_password')
 2 SYSTEMPATH\Validation\Validation.php(197): CodeIgniter\Validation\Validation->processRules('password', 'password', 'Guatemala', [...], [...])
 3 SYSTEMPATH\Controller.php(152): CodeIgniter\Validation\Validation->run()
 4 APPPATH\Controllers\UserController.php(163): CodeIgniter\Controller->validate([...])
 5 SYSTEMPATH\CodeIgniter.php(942): App\Controllers\UserController->updatePass('3')
 6 SYSTEMPATH\CodeIgniter.php(502): CodeIgniter\CodeIgniter->runController(Object(App\Controllers\UserController))
 7 SYSTEMPATH\CodeIgniter.php(361): CodeIgniter\CodeIgniter->handleRequest(null, Object(Config\Cache), false)
 8 FCPATH\index.php(79): CodeIgniter\CodeIgniter->run()
