CRITICAL - 2023-10-20 13:38:38 --> Invalid file: "inicio.php"
in SYSTEMPATH\Exceptions\FrameworkException.php on line 39.
 1 SYSTEMPATH\View\View.php(216): CodeIgniter\Exceptions\FrameworkException::forInvalidFile('inicio.php')
 2 SYSTEMPATH\Common.php(1190): CodeIgniter\View\View->render('inicio', [], true)
 3 APPPATH\Controllers\Home.php(14): view('inicio')
 4 SYSTEMPATH\CodeIgniter.php(942): App\Controllers\Home->inicio()
 5 SYSTEMPATH\CodeIgniter.php(502): CodeIgniter\CodeIgniter->runController(Object(App\Controllers\Home))
 6 SYSTEMPATH\CodeIgniter.php(361): CodeIgniter\CodeIgniter->handleRequest(null, Object(Config\Cache), false)
 7 FCPATH\index.php(79): CodeIgniter\CodeIgniter->run()
CRITICAL - 2023-10-20 13:39:25 --> Undefined global variable $_SESSION
in APPPATH\Views\templates\admin_template.php on line 26.
 1 APPPATH\Views\templates\admin_template.php(26): CodeIgniter\Debug\Exceptions->errorHandler(2, 'Undefined global variable $_SESSION', 'C:\\xampp\\htdocs\\tienda\\app\\Views\\templates\\admin_template.php', 26)
 2 SYSTEMPATH\View\View.php(228): include('C:\\xampp\\htdocs\\tienda\\app\\Views\\templates\\admin_template.php')
 3 SYSTEMPATH\View\View.php(231): CodeIgniter\View\View->CodeIgniter\View\{closure}()
 4 SYSTEMPATH\View\View.php(244): CodeIgniter\View\View->render('templates/admin_template', [], true)
 5 SYSTEMPATH\Common.php(1190): CodeIgniter\View\View->render('admin/index', [], true)
 6 APPPATH\Controllers\Home.php(14): view('admin/index')
 7 SYSTEMPATH\CodeIgniter.php(942): App\Controllers\Home->inicio()
 8 SYSTEMPATH\CodeIgniter.php(502): CodeIgniter\CodeIgniter->runController(Object(App\Controllers\Home))
 9 SYSTEMPATH\CodeIgniter.php(361): CodeIgniter\CodeIgniter->handleRequest(null, Object(Config\Cache), false)
10 FCPATH\index.php(79): CodeIgniter\CodeIgniter->run()
CRITICAL - 2023-10-20 13:43:09 --> Undefined global variable $_SESSION
in APPPATH\Views\templates\admin_template.php on line 26.
 1 APPPATH\Views\templates\admin_template.php(26): CodeIgniter\Debug\Exceptions->errorHandler(2, 'Undefined global variable $_SESSION', 'C:\\xampp\\htdocs\\tienda\\app\\Views\\templates\\admin_template.php', 26)
 2 SYSTEMPATH\View\View.php(228): include('C:\\xampp\\htdocs\\tienda\\app\\Views\\templates\\admin_template.php')
 3 SYSTEMPATH\View\View.php(231): CodeIgniter\View\View->CodeIgniter\View\{closure}()
 4 SYSTEMPATH\View\View.php(244): CodeIgniter\View\View->render('templates/admin_template', [], true)
 5 SYSTEMPATH\Common.php(1190): CodeIgniter\View\View->render('admin/index', [], true)
 6 APPPATH\Controllers\Home.php(14): view('admin/index')
 7 SYSTEMPATH\CodeIgniter.php(942): App\Controllers\Home->inicio()
 8 SYSTEMPATH\CodeIgniter.php(502): CodeIgniter\CodeIgniter->runController(Object(App\Controllers\Home))
 9 SYSTEMPATH\CodeIgniter.php(361): CodeIgniter\CodeIgniter->handleRequest(null, Object(Config\Cache), false)
10 FCPATH\index.php(79): CodeIgniter\CodeIgniter->run()
CRITICAL - 2023-10-20 13:43:46 --> Undefined global variable $_SESSION
in APPPATH\Views\templates\admin_template.php on line 26.
 1 APPPATH\Views\templates\admin_template.php(26): CodeIgniter\Debug\Exceptions->errorHandler(2, 'Undefined global variable $_SESSION', 'C:\\xampp\\htdocs\\tienda\\app\\Views\\templates\\admin_template.php', 26)
 2 SYSTEMPATH\View\View.php(228): include('C:\\xampp\\htdocs\\tienda\\app\\Views\\templates\\admin_template.php')
 3 SYSTEMPATH\View\View.php(231): CodeIgniter\View\View->CodeIgniter\View\{closure}()
 4 SYSTEMPATH\View\View.php(244): CodeIgniter\View\View->render('templates/admin_template', [], true)
 5 SYSTEMPATH\Common.php(1190): CodeIgniter\View\View->render('admin/index', [], true)
 6 APPPATH\Controllers\Home.php(14): view('admin/index')
 7 SYSTEMPATH\CodeIgniter.php(942): App\Controllers\Home->inicio()
 8 SYSTEMPATH\CodeIgniter.php(502): CodeIgniter\CodeIgniter->runController(Object(App\Controllers\Home))
 9 SYSTEMPATH\CodeIgniter.php(361): CodeIgniter\CodeIgniter->handleRequest(null, Object(Config\Cache), false)
10 FCPATH\index.php(79): CodeIgniter\CodeIgniter->run()
CRITICAL - 2023-10-20 13:43:55 --> syntax error, unexpected token ";"
in APPPATH\Views\templates\admin_template.php on line 26.
 1 SYSTEMPATH\View\View.php(231): CodeIgniter\View\View->CodeIgniter\View\{closure}()
 2 SYSTEMPATH\View\View.php(244): CodeIgniter\View\View->render('templates/admin_template', [], true)
 3 SYSTEMPATH\Common.php(1190): CodeIgniter\View\View->render('admin/index', [], true)
 4 APPPATH\Controllers\Home.php(14): view('admin/index')
 5 SYSTEMPATH\CodeIgniter.php(942): App\Controllers\Home->inicio()
 6 SYSTEMPATH\CodeIgniter.php(502): CodeIgniter\CodeIgniter->runController(Object(App\Controllers\Home))
 7 SYSTEMPATH\CodeIgniter.php(361): CodeIgniter\CodeIgniter->handleRequest(null, Object(Config\Cache), false)
 8 FCPATH\index.php(79): CodeIgniter\CodeIgniter->run()
CRITICAL - 2023-10-20 13:44:16 --> syntax error, unexpected token ";"
in APPPATH\Views\templates\admin_template.php on line 26.
 1 SYSTEMPATH\View\View.php(231): CodeIgniter\View\View->CodeIgniter\View\{closure}()
 2 SYSTEMPATH\View\View.php(244): CodeIgniter\View\View->render('templates/admin_template', [], true)
 3 SYSTEMPATH\Common.php(1190): CodeIgniter\View\View->render('admin/index', [], true)
 4 APPPATH\Controllers\Home.php(14): view('admin/index')
 5 SYSTEMPATH\CodeIgniter.php(942): App\Controllers\Home->inicio()
 6 SYSTEMPATH\CodeIgniter.php(502): CodeIgniter\CodeIgniter->runController(Object(App\Controllers\Home))
 7 SYSTEMPATH\CodeIgniter.php(361): CodeIgniter\CodeIgniter->handleRequest(null, Object(Config\Cache), false)
 8 FCPATH\index.php(79): CodeIgniter\CodeIgniter->run()
ERROR - 2023-10-20 14:16:23 --> mysqli_sql_exception: Table 'tienda.users' doesn't exist in C:\xampp\htdocs\tienda\vendor\codeigniter4\framework\system\Database\MySQLi\Connection.php:306
Stack trace:
#0 C:\xampp\htdocs\tienda\vendor\codeigniter4\framework\system\Database\MySQLi\Connection.php(306): mysqli->query('INSERT INTO `us...', 0)
#1 C:\xampp\htdocs\tienda\vendor\codeigniter4\framework\system\Database\BaseConnection.php(693): CodeIgniter\Database\MySQLi\Connection->execute('INSERT INTO `us...')
#2 C:\xampp\htdocs\tienda\vendor\codeigniter4\framework\system\Database\BaseConnection.php(607): CodeIgniter\Database\BaseConnection->simpleQuery('INSERT INTO `us...')
#3 C:\xampp\htdocs\tienda\vendor\codeigniter4\framework\system\Database\BaseBuilder.php(2308): CodeIgniter\Database\BaseConnection->query('INSERT INTO `us...', Array, false)
#4 C:\xampp\htdocs\tienda\app\Database\Seeds\Usuario.php(19): CodeIgniter\Database\BaseBuilder->insert(Array)
#5 C:\xampp\htdocs\tienda\vendor\codeigniter4\framework\system\Database\Seeder.php(146): App\Database\Seeds\Usuario->run()
#6 C:\xampp\htdocs\tienda\vendor\codeigniter4\framework\system\Commands\Database\Seed.php(77): CodeIgniter\Database\Seeder->call('App\\Database\\Se...')
#7 C:\xampp\htdocs\tienda\vendor\codeigniter4\framework\system\CLI\Commands.php(65): CodeIgniter\Commands\Database\Seed->run(Array)
#8 C:\xampp\htdocs\tienda\vendor\codeigniter4\framework\system\CLI\Console.php(46): CodeIgniter\CLI\Commands->run('db:seed', Array)
#9 C:\xampp\htdocs\tienda\spark(102): CodeIgniter\CLI\Console->run()
#10 {main}
CRITICAL - 2023-10-20 15:06:24 --> Undefined global variable $_SESSION
in APPPATH\Views\templates\admin_template.php on line 26.
 1 APPPATH\Views\templates\admin_template.php(26): CodeIgniter\Debug\Exceptions->errorHandler(2, 'Undefined global variable $_SESSION', 'C:\\xampp\\htdocs\\tienda\\app\\Views\\templates\\admin_template.php', 26)
 2 SYSTEMPATH\View\View.php(228): include('C:\\xampp\\htdocs\\tienda\\app\\Views\\templates\\admin_template.php')
 3 SYSTEMPATH\View\View.php(231): CodeIgniter\View\View->CodeIgniter\View\{closure}()
 4 SYSTEMPATH\View\View.php(244): CodeIgniter\View\View->render('templates/admin_template', [], true)
 5 SYSTEMPATH\Common.php(1190): CodeIgniter\View\View->render('admin/index', [], true)
 6 APPPATH\Controllers\Home.php(16): view('admin/index')
 7 SYSTEMPATH\CodeIgniter.php(942): App\Controllers\Home->inicio()
 8 SYSTEMPATH\CodeIgniter.php(502): CodeIgniter\CodeIgniter->runController(Object(App\Controllers\Home))
 9 SYSTEMPATH\CodeIgniter.php(361): CodeIgniter\CodeIgniter->handleRequest(null, Object(Config\Cache), false)
10 FCPATH\index.php(79): CodeIgniter\CodeIgniter->run()
CRITICAL - 2023-10-20 17:41:41 --> Undefined global variable $_SESSION
in APPPATH\Views\templates\admin_template.php on line 26.
 1 APPPATH\Views\templates\admin_template.php(26): CodeIgniter\Debug\Exceptions->errorHandler(2, 'Undefined global variable $_SESSION', 'C:\\xampp\\htdocs\\tienda\\app\\Views\\templates\\admin_template.php', 26)
 2 SYSTEMPATH\View\View.php(228): include('C:\\xampp\\htdocs\\tienda\\app\\Views\\templates\\admin_template.php')
 3 SYSTEMPATH\View\View.php(231): CodeIgniter\View\View->CodeIgniter\View\{closure}()
 4 SYSTEMPATH\View\View.php(244): CodeIgniter\View\View->render('templates/admin_template', [], true)
 5 SYSTEMPATH\Common.php(1190): CodeIgniter\View\View->render('admin/index', [], true)
 6 APPPATH\Controllers\Home.php(17): view('admin/index')
 7 SYSTEMPATH\CodeIgniter.php(942): App\Controllers\Home->inicio()
 8 SYSTEMPATH\CodeIgniter.php(502): CodeIgniter\CodeIgniter->runController(Object(App\Controllers\Home))
 9 SYSTEMPATH\CodeIgniter.php(361): CodeIgniter\CodeIgniter->handleRequest(null, Object(Config\Cache), false)
10 FCPATH\index.php(79): CodeIgniter\CodeIgniter->run()
CRITICAL - 2023-10-20 17:41:42 --> Undefined global variable $_SESSION
in APPPATH\Views\templates\admin_template.php on line 26.
 1 APPPATH\Views\templates\admin_template.php(26): CodeIgniter\Debug\Exceptions->errorHandler(2, 'Undefined global variable $_SESSION', 'C:\\xampp\\htdocs\\tienda\\app\\Views\\templates\\admin_template.php', 26)
 2 SYSTEMPATH\View\View.php(228): include('C:\\xampp\\htdocs\\tienda\\app\\Views\\templates\\admin_template.php')
 3 SYSTEMPATH\View\View.php(231): CodeIgniter\View\View->CodeIgniter\View\{closure}()
 4 SYSTEMPATH\View\View.php(244): CodeIgniter\View\View->render('templates/admin_template', [], true)
 5 SYSTEMPATH\Common.php(1190): CodeIgniter\View\View->render('admin/index', [], true)
 6 APPPATH\Controllers\Home.php(17): view('admin/index')
 7 SYSTEMPATH\CodeIgniter.php(942): App\Controllers\Home->inicio()
 8 SYSTEMPATH\CodeIgniter.php(502): CodeIgniter\CodeIgniter->runController(Object(App\Controllers\Home))
 9 SYSTEMPATH\CodeIgniter.php(361): CodeIgniter\CodeIgniter->handleRequest(null, Object(Config\Cache), false)
10 FCPATH\index.php(79): CodeIgniter\CodeIgniter->run()
CRITICAL - 2023-10-20 17:46:31 --> Undefined array key "alert-class"
in APPPATH\Views\admin\index.php on line 16.
 1 APPPATH\Views\admin\index.php(16): CodeIgniter\Debug\Exceptions->errorHandler(2, 'Undefined array key "alert-class"', 'C:\\xampp\\htdocs\\tienda\\app\\Views\\admin\\index.php', 16)
 2 SYSTEMPATH\View\View.php(228): include('C:\\xampp\\htdocs\\tienda\\app\\Views\\admin\\index.php')
 3 SYSTEMPATH\View\View.php(231): CodeIgniter\View\View->CodeIgniter\View\{closure}()
 4 SYSTEMPATH\Common.php(1190): CodeIgniter\View\View->render('admin/index', [], true)
 5 APPPATH\Controllers\Home.php(18): view('admin/index')
 6 SYSTEMPATH\CodeIgniter.php(942): App\Controllers\Home->inicio()
 7 SYSTEMPATH\CodeIgniter.php(502): CodeIgniter\CodeIgniter->runController(Object(App\Controllers\Home))
 8 SYSTEMPATH\CodeIgniter.php(361): CodeIgniter\CodeIgniter->handleRequest(null, Object(Config\Cache), false)
 9 FCPATH\index.php(79): CodeIgniter\CodeIgniter->run()
CRITICAL - 2023-10-20 18:18:29 --> App\Controllers\Home::index(): Return value must be of type string, CodeIgniter\HTTP\RedirectResponse returned
in APPPATH\Controllers\Home.php on line 16.
 1 SYSTEMPATH\CodeIgniter.php(942): App\Controllers\Home->index()
 2 SYSTEMPATH\CodeIgniter.php(502): CodeIgniter\CodeIgniter->runController(Object(App\Controllers\Home))
 3 SYSTEMPATH\CodeIgniter.php(361): CodeIgniter\CodeIgniter->handleRequest(null, Object(Config\Cache), false)
 4 FCPATH\index.php(79): CodeIgniter\CodeIgniter->run()
CRITICAL - 2023-10-20 21:04:32 --> App\Controllers\Home::index(): Return value must be of type string, CodeIgniter\HTTP\RedirectResponse returned
in APPPATH\Controllers\Home.php on line 16.
 1 SYSTEMPATH\CodeIgniter.php(942): App\Controllers\Home->index()
 2 SYSTEMPATH\CodeIgniter.php(502): CodeIgniter\CodeIgniter->runController(Object(App\Controllers\Home))
 3 SYSTEMPATH\CodeIgniter.php(361): CodeIgniter\CodeIgniter->handleRequest(null, Object(Config\Cache), false)
 4 FCPATH\index.php(79): CodeIgniter\CodeIgniter->run()
CRITICAL - 2023-10-20 21:05:53 --> App\Controllers\Home::index(): Return value must be of type App\Controllers\RedirectResponse, string returned
in APPPATH\Controllers\Home.php on line 15.
 1 SYSTEMPATH\CodeIgniter.php(942): App\Controllers\Home->index()
 2 SYSTEMPATH\CodeIgniter.php(502): CodeIgniter\CodeIgniter->runController(Object(App\Controllers\Home))
 3 SYSTEMPATH\CodeIgniter.php(361): CodeIgniter\CodeIgniter->handleRequest(null, Object(Config\Cache), false)
 4 FCPATH\index.php(79): CodeIgniter\CodeIgniter->run()
CRITICAL - 2023-10-20 21:05:56 --> App\Controllers\Home::index(): Return value must be of type App\Controllers\RedirectResponse, CodeIgniter\HTTP\RedirectResponse returned
in APPPATH\Controllers\Home.php on line 13.
 1 SYSTEMPATH\CodeIgniter.php(942): App\Controllers\Home->index()
 2 SYSTEMPATH\CodeIgniter.php(502): CodeIgniter\CodeIgniter->runController(Object(App\Controllers\Home))
 3 SYSTEMPATH\CodeIgniter.php(361): CodeIgniter\CodeIgniter->handleRequest(null, Object(Config\Cache), false)
 4 FCPATH\index.php(79): CodeIgniter\CodeIgniter->run()
CRITICAL - 2023-10-20 21:06:00 --> App\Controllers\Home::index(): Return value must be of type App\Controllers\RedirectResponse, CodeIgniter\HTTP\RedirectResponse returned
in APPPATH\Controllers\Home.php on line 13.
 1 SYSTEMPATH\CodeIgniter.php(942): App\Controllers\Home->index()
 2 SYSTEMPATH\CodeIgniter.php(502): CodeIgniter\CodeIgniter->runController(Object(App\Controllers\Home))
 3 SYSTEMPATH\CodeIgniter.php(361): CodeIgniter\CodeIgniter->handleRequest(null, Object(Config\Cache), false)
 4 FCPATH\index.php(79): CodeIgniter\CodeIgniter->run()
CRITICAL - 2023-10-20 21:06:50 --> Class "App\Controllers\RedirectResponse" not found
in APPPATH\Controllers\Home.php on line 13.
 1 SYSTEMPATH\CodeIgniter.php(942): App\Controllers\Home->index()
 2 SYSTEMPATH\CodeIgniter.php(502): CodeIgniter\CodeIgniter->runController(Object(App\Controllers\Home))
 3 SYSTEMPATH\CodeIgniter.php(361): CodeIgniter\CodeIgniter->handleRequest(null, Object(Config\Cache), false)
 4 FCPATH\index.php(79): CodeIgniter\CodeIgniter->run()
